Command line invocation:
    /Applications/Xcode.app/Contents/Developer/usr/bin/xcodebuild -scheme Nyora -sdk iphonesimulator -configuration Debug build

Build settings from command line:
    SDKROOT = iphonesimulator26.5

Resolve Package Graph


Resolved source packages:
  NyoraEngine: /Users/hasanraza/Desktop/kotatsu/Nyora/nyora-ios/NyoraEngine @ local

--- xcodebuild: WARNING: Using the first of multiple matching destinations:
{ platform:iOS Simulator, id:dvtdevice-DVTiOSDeviceSimulatorPlaceholder-iphonesimulator:placeholder, name:Any iOS Simulator Device }
{ platform:iOS Simulator, arch:arm64, id:904B0CA8-7F93-4219-8B6A-D260F2C0275B, OS:26.5, name:iPad (A16) }
{ platform:iOS Simulator, arch:arm64, id:9EB7D204-B466-4914-90A0-20E08FFB9377, OS:26.5, name:iPad Air 11-inch (M4) }
{ platform:iOS Simulator, arch:arm64, id:F5B8F073-0219-45B3-9813-E077591AAC7D, OS:26.5, name:iPad Air 13-inch (M4) }
{ platform:iOS Simulator, arch:arm64, id:91EC7A23-ABB2-4F3C-9157-70D95BFE1D3B, OS:26.5, name:iPad Pro 11-inch (M5) }
{ platform:iOS Simulator, arch:arm64, id:3A244EE3-4D7E-45CC-9D06-988D321A916F, OS:26.5, name:iPad Pro 13-inch (M5) }
{ platform:iOS Simulator, arch:arm64, id:77ED3A46-6715-4093-BA5F-0815E0425C75, OS:26.5, name:iPad mini (A17 Pro) }
{ platform:iOS Simulator, arch:arm64, id:E7769C31-6F16-430D-9FBD-F290A65F4C55, OS:26.5, name:iPhone 17 }
{ platform:iOS Simulator, arch:arm64, id:EDB0CF6A-48DA-43F6-A03D-0346F63EFACE, OS:26.5, name:iPhone 17 Pro }
{ platform:iOS Simulator, arch:arm64, id:D00E2608-B8A2-4C90-9539-9036C818BC87, OS:26.5, name:iPhone 17 Pro Max }
{ platform:iOS Simulator, arch:arm64, id:CED9247D-E74F-4897-A3F2-3AAAD4E66FD1, OS:26.5, name:iPhone 17e }
{ platform:iOS Simulator, arch:arm64, id:E1A4B5C8-FDC2-4B09-A3C1-D9D300D78933, OS:26.5, name:iPhone Air }
{ platform:macOS, arch:arm64, variant:Designed for [iPad,iPhone], id:00008122-000A09E836A1001C, name:My Mac }
{ platform:iOS, id:dvtdevice-DVTiPhonePlaceholder-iphoneos:placeholder, name:Any iOS Device }
ComputePackagePrebuildTargetDependencyGraph

Prepare packages

CreateBuildRequest

SendProjectDescription

CreateBuildOperation

ComputeTargetDependencyGraph
note: Building targets in dependency order
note: Target dependency graph (4 targets)
    Target 'Nyora' in project 'NyoraApp'
        ➜ Explicit dependency on target 'NyoraWidgetsExtension' in project 'NyoraApp'
        ➜ Explicit dependency on target 'NyoraEngine' in project 'NyoraEngine'
    Target 'NyoraEngine' in project 'NyoraEngine'
        ➜ Explicit dependency on target 'NyoraEngine' in project 'NyoraEngine'
    Target 'NyoraEngine' in project 'NyoraEngine' (no dependencies)
    Target 'NyoraWidgetsExtension' in project 'NyoraApp' (no dependencies)

GatherProvisioningInputs

CreateBuildDescription

ClangStatCache /Applications/Xcode.app/Contents/Developer/Toolchains/XcodeDefault.xctoolchain/usr/bin/clang-stat-cache /Applications/Xcode.app/Contents/Developer/Platforms/iPhoneSimulator.platform/Developer/SDKs/iPhoneSimulator26.5.sdk /Users/hasanraza/Library/Developer/Xcode/DerivedData/SDKStatCaches.noindex/iphonesimulator26.5-23F73-688ef53f1462e2c8f657fdc38a81448f6cfe768891a92b912361537c460fe42b.sdkstatcache
    cd /Users/hasanraza/Desktop/kotatsu/Nyora/nyora-ios/NyoraApp/NyoraApp.xcodeproj
    /Applications/Xcode.app/Contents/Developer/Toolchains/XcodeDefault.xctoolchain/usr/bin/clang-stat-cache /Applications/Xcode.app/Contents/Developer/Platforms/iPhoneSimulator.platform/Developer/SDKs/iPhoneSimulator26.5.sdk -o /Users/hasanraza/Library/Developer/Xcode/DerivedData/SDKStatCaches.noindex/iphonesimulator26.5-23F73-688ef53f1462e2c8f657fdc38a81448f6cfe768891a92b912361537c460fe42b.sdkstatcache

** BUILD SUCCEEDED **

